> vite

[2m3:14:38 PM[22m [36m[1m[vite][22m[39m [90m[2m(client)[22m[39m Re-optimizing dependencies because lockfile has changed

  [32m[1mVITE[22m v7.0.6[39m  [2mready in [0m[1m237[22m[2m[0m ms[22m

  [32mâžœ[39m  [1mLocal[22m:   [36mhttp://localhost:[1m4200[22m/[39m
[2m[32m  âžœ[39m[22m[2m  press [22m[1mh + enter[22m[2m to show help[22m
[31mâœ˜ [41;31m[[41;97mERROR[41;31m][0m [1mCould not resolve "./__NEED_PORT__/widgets/shell/shell.styles"[0m

    ../../../panda.config.ts:2:22:
[37m      2 â”‚ import { shell } from [32m"./__NEED_PORT__/widgets/shell/shell.styles"[37m;
        â•µ                       [32m~~~~~~~~~~~~~~~~~~~~~~~~~~~~~~~~~~~~~~~~~~~~[0m

[31mâœ˜ [41;31m[[41;97mERROR[41;31m][0m [1mCould not resolve "./__NEED_PORT__/widgets/button/button.styles"[0m

    ../../../panda.config.ts:3:23:
[37m      3 â”‚ import { button } from [32m"./__NEED_PORT__/widgets/button/button.styles"[37m;
        â•µ                        [32m~~~~~~~~~~~~~~~~~~~~~~~~~~~~~~~~~~~~~~~~~~~~~~[0m

[31mâœ˜ [41;31m[[41;97mERROR[41;31m][0m [1mCould not resolve "./__NEED_PORT__/widgets/panel/panel.styles"[0m

    ../../../panda.config.ts:4:22:
[37m      4 â”‚ import { panel } from [32m"./__NEED_PORT__/widgets/panel/panel.styles"[37m;
        â•µ                       [32m~~~~~~~~~~~~~~~~~~~~~~~~~~~~~~~~~~~~~~~~~~~~[0m















[1;1H[0J[2m3:14:40 PM[22m [31m[1m[vite][22m[39m [31mInternal server error: [postcss] Build failed with 3 errors:
../../../panda.config.ts:2:22: ERROR: Could not resolve "./__NEED_PORT__/widgets/shell/shell.styles"
../../../panda.config.ts:3:23: ERROR: Could not resolve "./__NEED_PORT__/widgets/button/button.styles"
../../../panda.config.ts:4:22: ERROR: Could not resolve "./__NEED_PORT__/widgets/panel/panel.styles"[39m
  Plugin: [35mvite:css[39m
  File: [36m/home/me/Developer/ghost-shell/packages/apps/react-demo/src/styles.css?direct[39m:undefined:NaN
      at failureErrorWithLog (/home/me/Developer/ghost-shell/node_modules/esbuild/lib/main.js:1467:15)
      at /home/me/Developer/ghost-shell/node_modules/esbuild/lib/main.js:926:25
      at /home/me/Developer/ghost-shell/node_modules/esbuild/lib/main.js:878:52
      at buildResponseToResult (/home/me/Developer/ghost-shell/node_modules/esbuild/lib/main.js:924:7)
      at /home/me/Developer/ghost-shell/node_modules/esbuild/lib/main.js:951:16
      at responseCallbacks.<computed> (/home/me/Developer/ghost-shell/node_modules/esbuild/lib/main.js:603:9)
      at handleIncomingPacket (/home/me/Developer/ghost-shell/node_modules/esbuild/lib/main.js:658:12)
      at Socket.readFromStdout (/home/me/Developer/ghost-shell/node_modules/esbuild/lib/main.js:581:7)
      at Socket.emit (node:events:524:28)
      at addChunk (node:internal/streams/readable:561:12)
[31mâœ˜ [41;31m[[41;97mERROR[41;31m][0m [1mCould not resolve "./__NEED_PORT__/widgets/shell/shell.styles"[0m

    ../../../panda.config.ts:2:22:
[37m      2 â”‚ import { shell } from [32m"./__NEED_PORT__/widgets/shell/shell.styles"[37m;
        â•µ                       [32m~~~~~~~~~~~~~~~~~~~~~~~~~~~~~~~~~~~~~~~~~~~~[0m

[31mâœ˜ [41;31m[[41;97mERROR[41;31m][0m [1mCould not resolve "./__NEED_PORT__/widgets/button/button.styles"[0m

    ../../../panda.config.ts:3:23:
[37m      3 â”‚ import { button } from [32m"./__NEED_PORT__/widgets/button/button.styles"[37m;
        â•µ                        [32m~~~~~~~~~~~~~~~~~~~~~~~~~~~~~~~~~~~~~~~~~~~~~~[0m

[31mâœ˜ [41;31m[[41;97mERROR[41;31m][0m [1mCould not resolve "./__NEED_PORT__/widgets/panel/panel.styles"[0m

    ../../../panda.config.ts:4:22:
[37m      4 â”‚ import { panel } from [32m"./__NEED_PORT__/widgets/panel/panel.styles"[37m;
        â•µ                       [32m~~~~~~~~~~~~~~~~~~~~~~~~~~~~~~~~~~~~~~~~~~~~[0m















[1;1H[0J[2m3:14:40 PM[22m [31m[1m[vite][22m[39m [31mInternal server error: [postcss] Build failed with 3 errors:
../../../panda.config.ts:2:22: ERROR: Could not resolve "./__NEED_PORT__/widgets/shell/shell.styles"
../../../panda.config.ts:3:23: ERROR: Could not resolve "./__NEED_PORT__/widgets/button/button.styles"
../../../panda.config.ts:4:22: ERROR: Could not resolve "./__NEED_PORT__/widgets/panel/panel.styles"[39m
  Plugin: [35mvite:css[39m
  File: [36m/home/me/Developer/ghost-shell/packages/apps/react-demo/src/app/app.element.css[39m:undefined:NaN
      at failureErrorWithLog (/home/me/Developer/ghost-shell/node_modules/esbuild/lib/main.js:1467:15)
      at /home/me/Developer/ghost-shell/node_modules/esbuild/lib/main.js:926:25
      at /home/me/Developer/ghost-shell/node_modules/esbuild/lib/main.js:878:52
      at buildResponseToResult (/home/me/Developer/ghost-shell/node_modules/esbuild/lib/main.js:924:7)
      at /home/me/Developer/ghost-shell/node_modules/esbuild/lib/main.js:951:16
      at responseCallbacks.<computed> (/home/me/Developer/ghost-shell/node_modules/esbuild/lib/main.js:603:9)
      at handleIncomingPacket (/home/me/Developer/ghost-shell/node_modules/esbuild/lib/main.js:658:12)
      at Socket.readFromStdout (/home/me/Developer/ghost-shell/node_modules/esbuild/lib/main.js:581:7)
      at Socket.emit (node:events:524:28)
      at addChunk (node:internal/streams/readable:561:12)
[2m3:14:40 PM[22m [31m[1m[vite][22m[39m [31m[2m(client)[22m[39m Pre-transform error: [postcss] Build failed with 3 errors:
../../../panda.config.ts:2:22: ERROR: Could not resolve "./__NEED_PORT__/widgets/shell/shell.styles"
../../../panda.config.ts:3:23: ERROR: Could not resolve "./__NEED_PORT__/widgets/button/button.styles"
../../../panda.config.ts:4:22: ERROR: Could not resolve "./__NEED_PORT__/widgets/panel/panel.styles"
  Plugin: [35mvite:css[39m
  File: [36m/home/me/Developer/ghost-shell/packages/apps/react-demo/src/app/app.element.css[39m:undefined:NaN














[1;1H[0J[2m3:15:02 PM[22m [31m[1m[vite][22m[39m [31mInternal server error: [postcss] Cannot find config file `panda.config.{ts,js,mjs,mts}`. Did you forget to run `panda init`?[39m
  Plugin: [35mvite:css[39m
  File: [36m/home/me/Developer/ghost-shell/packages/apps/react-demo/src/styles.css?direct[39m:undefined:NaN
      at findConfig (/home/me/Developer/ghost-shell/node_modules/@pandacss/config/dist/index.js:75:11)
      at Builder.setup (/home/me/Developer/ghost-shell/node_modules/@pandacss/node/dist/index.js:2379:76)
      at postcssProcess (/home/me/Developer/ghost-shell/node_modules/@pandacss/postcss/dist/index.js:59:19)
      at /home/me/Developer/ghost-shell/node_modules/@pandacss/postcss/dist/index.js:83:23
      at async LazyResult.runAsync (/home/me/Developer/ghost-shell/node_modules/postcss/lib/lazy-result.js:293:11)
      at async runPostCSS (file:///home/me/Developer/ghost-shell/node_modules/vite/dist/node/chunks/dep-BHkUv4Z8.js:32399:19)
      at async compilePostCSS (file:///home/me/Developer/ghost-shell/node_modules/vite/dist/node/chunks/dep-BHkUv4Z8.js:32379:17)
      at async compileCSS (file:///home/me/Developer/ghost-shell/node_modules/vite/dist/node/chunks/dep-BHkUv4Z8.js:32310:26)
      at async TransformPluginContext.handler (file:///home/me/Developer/ghost-shell/node_modules/vite/dist/node/chunks/dep-BHkUv4Z8.js:31846:53)
      at async EnvironmentPluginContainer.transform (file:///home/me/Developer/ghost-shell/node_modules/vite/dist/node/chunks/dep-BHkUv4Z8.js:31274:14)














[1;1H[0J[2m3:15:02 PM[22m [31m[1m[vite][22m[39m [31mInternal server error: [postcss] Cannot find config file `panda.config.{ts,js,mjs,mts}`. Did you forget to run `panda init`?[39m
  Plugin: [35mvite:css[39m
  File: [36m/home/me/Developer/ghost-shell/packages/apps/react-demo/src/app/app.element.css[39m:undefined:NaN
      at findConfig (/home/me/Developer/ghost-shell/node_modules/@pandacss/config/dist/index.js:75:11)
      at Builder.setup (/home/me/Developer/ghost-shell/node_modules/@pandacss/node/dist/index.js:2379:76)
      at postcssProcess (/home/me/Developer/ghost-shell/node_modules/@pandacss/postcss/dist/index.js:59:19)
      at /home/me/Developer/ghost-shell/node_modules/@pandacss/postcss/dist/index.js:83:23
      at async LazyResult.runAsync (/home/me/Developer/ghost-shell/node_modules/postcss/lib/lazy-result.js:293:11)
      at async runPostCSS (file:///home/me/Developer/ghost-shell/node_modules/vite/dist/node/chunks/dep-BHkUv4Z8.js:32399:19)
      at async compilePostCSS (file:///home/me/Developer/ghost-shell/node_modules/vite/dist/node/chunks/dep-BHkUv4Z8.js:32379:17)
      at async compileCSS (file:///home/me/Developer/ghost-shell/node_modules/vite/dist/node/chunks/dep-BHkUv4Z8.js:32310:26)
      at async TransformPluginContext.handler (file:///home/me/Developer/ghost-shell/node_modules/vite/dist/node/chunks/dep-BHkUv4Z8.js:31846:53)
      at async EnvironmentPluginContainer.transform (file:///home/me/Developer/ghost-shell/node_modules/vite/dist/node/chunks/dep-BHkUv4Z8.js:31274:14)














[1;1H[0J[2m3:15:10 PM[22m [31m[1m[vite][22m[39m [31mInternal server error: [postcss] Cannot find config file `panda.config.{ts,js,mjs,mts}`. Did you forget to run `panda init`?[39m
  Plugin: [35mvite:css[39m
  File: [36m/home/me/Developer/ghost-shell/packages/apps/react-demo/src/styles.css?direct[39m:undefined:NaN
      at findConfig (/home/me/Developer/ghost-shell/node_modules/@pandacss/config/dist/index.js:75:11)
      at Builder.setup (/home/me/Developer/ghost-shell/node_modules/@pandacss/node/dist/index.js:2379:76)
      at postcssProcess (/home/me/Developer/ghost-shell/node_modules/@pandacss/postcss/dist/index.js:59:19)
      at /home/me/Developer/ghost-shell/node_modules/@pandacss/postcss/dist/index.js:83:23
      at async LazyResult.runAsync (/home/me/Developer/ghost-shell/node_modules/postcss/lib/lazy-result.js:293:11)
      at async runPostCSS (file:///home/me/Developer/ghost-shell/node_modules/vite/dist/node/chunks/dep-BHkUv4Z8.js:32399:19)
      at async compilePostCSS (file:///home/me/Developer/ghost-shell/node_modules/vite/dist/node/chunks/dep-BHkUv4Z8.js:32379:17)
      at async compileCSS (file:///home/me/Developer/ghost-shell/node_modules/vite/dist/node/chunks/dep-BHkUv4Z8.js:32310:26)
      at async TransformPluginContext.handler (file:///home/me/Developer/ghost-shell/node_modules/vite/dist/node/chunks/dep-BHkUv4Z8.js:31846:53)
      at async EnvironmentPluginContainer.transform (file:///home/me/Developer/ghost-shell/node_modules/vite/dist/node/chunks/dep-BHkUv4Z8.js:31274:14)














[1;1H[0J[2m3:15:10 PM[22m [31m[1m[vite][22m[39m [31mInternal server error: [postcss] Cannot find config file `panda.config.{ts,js,mjs,mts}`. Did you forget to run `panda init`?[39m
  Plugin: [35mvite:css[39m
  File: [36m/home/me/Developer/ghost-shell/packages/apps/react-demo/src/app/app.element.css[39m:undefined:NaN
      at findConfig (/home/me/Developer/ghost-shell/node_modules/@pandacss/config/dist/index.js:75:11)
      at Builder.setup (/home/me/Developer/ghost-shell/node_modules/@pandacss/node/dist/index.js:2379:76)
      at postcssProcess (/home/me/Developer/ghost-shell/node_modules/@pandacss/postcss/dist/index.js:59:19)
      at /home/me/Developer/ghost-shell/node_modules/@pandacss/postcss/dist/index.js:83:23
      at async LazyResult.runAsync (/home/me/Developer/ghost-shell/node_modules/postcss/lib/lazy-result.js:293:11)
      at async runPostCSS (file:///home/me/Developer/ghost-shell/node_modules/vite/dist/node/chunks/dep-BHkUv4Z8.js:32399:19)
      at async compilePostCSS (file:///home/me/Developer/ghost-shell/node_modules/vite/dist/node/chunks/dep-BHkUv4Z8.js:32379:17)
      at async compileCSS (file:///home/me/Developer/ghost-shell/node_modules/vite/dist/node/chunks/dep-BHkUv4Z8.js:32310:26)
      at async TransformPluginContext.handler (file:///home/me/Developer/ghost-shell/node_modules/vite/dist/node/chunks/dep-BHkUv4Z8.js:31846:53)
      at async EnvironmentPluginContainer.transform (file:///home/me/Developer/ghost-shell/node_modules/vite/dist/node/chunks/dep-BHkUv4Z8.js:31274:14)














[1;1H[0J[2m3:15:21 PM[22m [31m[1m[vite][22m[39m [31mInternal server error: [postcss] Cannot find config file `panda.config.{ts,js,mjs,mts}`. Did you forget to run `panda init`?[39m
  Plugin: [35mvite:css[39m
  File: [36m/home/me/Developer/ghost-shell/packages/apps/react-demo/src/styles.css?direct[39m:undefined:NaN
      at findConfig (/home/me/Developer/ghost-shell/node_modules/@pandacss/config/dist/index.js:75:11)
      at Builder.setup (/home/me/Developer/ghost-shell/node_modules/@pandacss/node/dist/index.js:2379:76)
      at postcssProcess (/home/me/Developer/ghost-shell/node_modules/@pandacss/postcss/dist/index.js:59:19)
      at /home/me/Developer/ghost-shell/node_modules/@pandacss/postcss/dist/index.js:83:23
      at async LazyResult.runAsync (/home/me/Developer/ghost-shell/node_modules/postcss/lib/lazy-result.js:293:11)
      at async runPostCSS (file:///home/me/Developer/ghost-shell/node_modules/vite/dist/node/chunks/dep-BHkUv4Z8.js:32399:19)
      at async compilePostCSS (file:///home/me/Developer/ghost-shell/node_modules/vite/dist/node/chunks/dep-BHkUv4Z8.js:32379:17)
      at async compileCSS (file:///home/me/Developer/ghost-shell/node_modules/vite/dist/node/chunks/dep-BHkUv4Z8.js:32310:26)
      at async TransformPluginContext.handler (file:///home/me/Developer/ghost-shell/node_modules/vite/dist/node/chunks/dep-BHkUv4Z8.js:31846:53)
      at async EnvironmentPluginContainer.transform (file:///home/me/Developer/ghost-shell/node_modules/vite/dist/node/chunks/dep-BHkUv4Z8.js:31274:14)














[1;1H[0J[2m3:15:21 PM[22m [31m[1m[vite][22m[39m [31mInternal server error: [postcss] Cannot find config file `panda.config.{ts,js,mjs,mts}`. Did you forget to run `panda init`?[39m
  Plugin: [35mvite:css[39m
  File: [36m/home/me/Developer/ghost-shell/packages/apps/react-demo/src/app/app.element.css[39m:undefined:NaN
      at findConfig (/home/me/Developer/ghost-shell/node_modules/@pandacss/config/dist/index.js:75:11)
      at Builder.setup (/home/me/Developer/ghost-shell/node_modules/@pandacss/node/dist/index.js:2379:76)
      at postcssProcess (/home/me/Developer/ghost-shell/node_modules/@pandacss/postcss/dist/index.js:59:19)
      at /home/me/Developer/ghost-shell/node_modules/@pandacss/postcss/dist/index.js:83:23
      at async LazyResult.runAsync (/home/me/Developer/ghost-shell/node_modules/postcss/lib/lazy-result.js:293:11)
      at async runPostCSS (file:///home/me/Developer/ghost-shell/node_modules/vite/dist/node/chunks/dep-BHkUv4Z8.js:32399:19)
      at async compilePostCSS (file:///home/me/Developer/ghost-shell/node_modules/vite/dist/node/chunks/dep-BHkUv4Z8.js:32379:17)
      at async compileCSS (file:///home/me/Developer/ghost-shell/node_modules/vite/dist/node/chunks/dep-BHkUv4Z8.js:32310:26)
      at async TransformPluginContext.handler (file:///home/me/Developer/ghost-shell/node_modules/vite/dist/node/chunks/dep-BHkUv4Z8.js:31846:53)
      at async EnvironmentPluginContainer.transform (file:///home/me/Developer/ghost-shell/node_modules/vite/dist/node/chunks/dep-BHkUv4Z8.js:31274:14)














[1;1H[0J[2m3:16:15 PM[22m [36m[1m[vite][22m[39m [90m[2m(client)[22m[39m [32mpage reload [39m[2msrc/app/app.element.ts[22m
[2m3:16:15 PM[22m [31m[1m[vite][22m[39m [31m[2m(client)[22m[39m Pre-transform error: Failed to load url /src/app/app.element.ts (resolved id: /home/me/Developer/ghost-shell/packages/apps/react-demo/src/app/app.element.ts) in /home/me/Developer/ghost-shell/packages/apps/react-demo/src/main.ts. Does the file exist?














[1;1H[0J[2m3:16:15 PM[22m [31m[1m[vite][22m[39m [31mInternal server error: [postcss] Cannot find config file `panda.config.{ts,js,mjs,mts}`. Did you forget to run `panda init`?[39m
  Plugin: [35mvite:css[39m
  File: [36m/home/me/Developer/ghost-shell/packages/apps/react-demo/src/styles.css?direct[39m:undefined:NaN
      at findConfig (/home/me/Developer/ghost-shell/node_modules/@pandacss/config/dist/index.js:75:11)
      at Builder.setup (/home/me/Developer/ghost-shell/node_modules/@pandacss/node/dist/index.js:2379:76)
      at postcssProcess (/home/me/Developer/ghost-shell/node_modules/@pandacss/postcss/dist/index.js:59:19)
      at /home/me/Developer/ghost-shell/node_modules/@pandacss/postcss/dist/index.js:83:23
      at async LazyResult.runAsync (/home/me/Developer/ghost-shell/node_modules/postcss/lib/lazy-result.js:293:11)
      at async runPostCSS (file:///home/me/Developer/ghost-shell/node_modules/vite/dist/node/chunks/dep-BHkUv4Z8.js:32399:19)
      at async compilePostCSS (file:///home/me/Developer/ghost-shell/node_modules/vite/dist/node/chunks/dep-BHkUv4Z8.js:32379:17)
      at async compileCSS (file:///home/me/Developer/ghost-shell/node_modules/vite/dist/node/chunks/dep-BHkUv4Z8.js:32310:26)
      at async TransformPluginContext.handler (file:///home/me/Developer/ghost-shell/node_modules/vite/dist/node/chunks/dep-BHkUv4Z8.js:31846:53)
      at async EnvironmentPluginContainer.transform (file:///home/me/Developer/ghost-shell/node_modules/vite/dist/node/chunks/dep-BHkUv4Z8.js:31274:14)














[1;1H[0J[2m3:16:32 PM[22m [36m[1m[vite][22m[39m [90m[2m(client)[22m[39m [32mpage reload [39m[2msrc/main.ts[22m
[2m3:16:32 PM[22m [31m[1m[vite][22m[39m [31m[2m(client)[22m[39m Pre-transform error: Transform failed with 1 error:
/home/me/Developer/ghost-shell/packages/apps/react-demo/src/main.ts:12:9: ERROR: Expected ">" but found "/"
  Plugin: [35mvite:esbuild[39m
  File: [36m/home/me/Developer/ghost-shell/packages/apps/react-demo/src/main.ts[39m:12:9
[33m  
  [33mExpected ">" but found "/"[33m
  10 |  root.render(
  11 |    <React.StrictMode>
  12 |      <App />
     |           ^
  13 |    </React.StrictMode>
  14 |  );
  [39m














[1;1H[0J[2m3:16:32 PM[22m [31m[1m[vite][22m[39m [31mInternal server error: [postcss] Cannot find config file `panda.config.{ts,js,mjs,mts}`. Did you forget to run `panda init`?[39m
  Plugin: [35mvite:css[39m
  File: [36m/home/me/Developer/ghost-shell/packages/apps/react-demo/src/styles.css?direct[39m:undefined:NaN
      at findConfig (/home/me/Developer/ghost-shell/node_modules/@pandacss/config/dist/index.js:75:11)
      at Builder.setup (/home/me/Developer/ghost-shell/node_modules/@pandacss/node/dist/index.js:2379:76)
      at postcssProcess (/home/me/Developer/ghost-shell/node_modules/@pandacss/postcss/dist/index.js:59:19)
      at /home/me/Developer/ghost-shell/node_modules/@pandacss/postcss/dist/index.js:83:23
      at async LazyResult.runAsync (/home/me/Developer/ghost-shell/node_modules/postcss/lib/lazy-result.js:293:11)
      at async runPostCSS (file:///home/me/Developer/ghost-shell/node_modules/vite/dist/node/chunks/dep-BHkUv4Z8.js:32399:19)
      at async compilePostCSS (file:///home/me/Developer/ghost-shell/node_modules/vite/dist/node/chunks/dep-BHkUv4Z8.js:32379:17)
      at async compileCSS (file:///home/me/Developer/ghost-shell/node_modules/vite/dist/node/chunks/dep-BHkUv4Z8.js:32310:26)
      at async TransformPluginContext.handler (file:///home/me/Developer/ghost-shell/node_modules/vite/dist/node/chunks/dep-BHkUv4Z8.js:31846:53)
      at async EnvironmentPluginContainer.transform (file:///home/me/Developer/ghost-shell/node_modules/vite/dist/node/chunks/dep-BHkUv4Z8.js:31274:14)














[1;1H[0J[2m3:16:32 PM[22m [31m[1m[vite][22m[39m [31mInternal server error: Transform failed with 1 error:
/home/me/Developer/ghost-shell/packages/apps/react-demo/src/main.ts:12:9: ERROR: Expected ">" but found "/"[39m
  Plugin: [35mvite:esbuild[39m
  File: [36m/home/me/Developer/ghost-shell/packages/apps/react-demo/src/main.ts[39m:12:9
[33m  
  [33mExpected ">" but found "/"[33m
  10 |  root.render(
  11 |    <React.StrictMode>
  12 |      <App />
     |           ^
  13 |    </React.StrictMode>
  14 |  );
  [39m
      at failureErrorWithLog (/home/me/Developer/ghost-shell/node_modules/esbuild/lib/main.js:1467:15)
      at /home/me/Developer/ghost-shell/node_modules/esbuild/lib/main.js:736:50
      at responseCallbacks.<computed> (/home/me/Developer/ghost-shell/node_modules/esbuild/lib/main.js:603:9)
      at handleIncomingPacket (/home/me/Developer/ghost-shell/node_modules/esbuild/lib/main.js:658:12)
      at Socket.readFromStdout (/home/me/Developer/ghost-shell/node_modules/esbuild/lib/main.js:581:7)
      at Socket.emit (node:events:524:28)
      at addChunk (node:internal/streams/readable:561:12)
      at readableAddChunkPushByteMode (node:internal/streams/readable:512:3)
      at Readable.push (node:internal/streams/readable:392:5)
      at Pipe.onStreamRead (node:internal/stream_base_commons:191:23)














[1;1H[0J[2m3:16:38 PM[22m [36m[1m[vite][22m[39m [90m[2m(client)[22m[39m [32mpage reload [39m[2mindex.html[22m
[2m3:16:38 PM[22m [31m[1m[vite][22m[39m [31m[2m(client)[22m[39m Pre-transform error: Transform failed with 1 error:
/home/me/Developer/ghost-shell/packages/apps/react-demo/src/main.ts:12:9: ERROR: Expected ">" but found "/"
  Plugin: [35mvite:esbuild[39m
  File: [36m/home/me/Developer/ghost-shell/packages/apps/react-demo/src/main.ts[39m:12:9
[33m  
  [33mExpected ">" but found "/"[33m
  10 |  root.render(
  11 |    <React.StrictMode>
  12 |      <App />
     |           ^
  13 |    </React.StrictMode>
  14 |  );
  [39m














[1;1H[0J[2m3:16:38 PM[22m [31m[1m[vite][22m[39m [31mInternal server error: [postcss] Cannot find config file `panda.config.{ts,js,mjs,mts}`. Did you forget to run `panda init`?[39m
  Plugin: [35mvite:css[39m
  File: [36m/home/me/Developer/ghost-shell/packages/apps/react-demo/src/styles.css?direct[39m:undefined:NaN
      at findConfig (/home/me/Developer/ghost-shell/node_modules/@pandacss/config/dist/index.js:75:11)
      at Builder.setup (/home/me/Developer/ghost-shell/node_modules/@pandacss/node/dist/index.js:2379:76)
      at postcssProcess (/home/me/Developer/ghost-shell/node_modules/@pandacss/postcss/dist/index.js:59:19)
      at /home/me/Developer/ghost-shell/node_modules/@pandacss/postcss/dist/index.js:83:23
      at async LazyResult.runAsync (/home/me/Developer/ghost-shell/node_modules/postcss/lib/lazy-result.js:293:11)
      at async runPostCSS (file:///home/me/Developer/ghost-shell/node_modules/vite/dist/node/chunks/dep-BHkUv4Z8.js:32399:19)
      at async compilePostCSS (file:///home/me/Developer/ghost-shell/node_modules/vite/dist/node/chunks/dep-BHkUv4Z8.js:32379:17)
      at async compileCSS (file:///home/me/Developer/ghost-shell/node_modules/vite/dist/node/chunks/dep-BHkUv4Z8.js:32310:26)
      at async TransformPluginContext.handler (file:///home/me/Developer/ghost-shell/node_modules/vite/dist/node/chunks/dep-BHkUv4Z8.js:31846:53)
      at async EnvironmentPluginContainer.transform (file:///home/me/Developer/ghost-shell/node_modules/vite/dist/node/chunks/dep-BHkUv4Z8.js:31274:14)














[1;1H[0J[2m3:16:38 PM[22m [31m[1m[vite][22m[39m [31mInternal server error: Transform failed with 1 error:
/home/me/Developer/ghost-shell/packages/apps/react-demo/src/main.ts:12:9: ERROR: Expected ">" but found "/"[39m
  Plugin: [35mvite:esbuild[39m
  File: [36m/home/me/Developer/ghost-shell/packages/apps/react-demo/src/main.ts[39m:12:9
[33m  
  [33mExpected ">" but found "/"[33m
  10 |  root.render(
  11 |    <React.StrictMode>
  12 |      <App />
     |           ^
  13 |    </React.StrictMode>
  14 |  );
  [39m
      at failureErrorWithLog (/home/me/Developer/ghost-shell/node_modules/esbuild/lib/main.js:1467:15)
      at /home/me/Developer/ghost-shell/node_modules/esbuild/lib/main.js:736:50
      at responseCallbacks.<computed> (/home/me/Developer/ghost-shell/node_modules/esbuild/lib/main.js:603:9)
      at handleIncomingPacket (/home/me/Developer/ghost-shell/node_modules/esbuild/lib/main.js:658:12)
      at Socket.readFromStdout (/home/me/Developer/ghost-shell/node_modules/esbuild/lib/main.js:581:7)
      at Socket.emit (node:events:524:28)
      at addChunk (node:internal/streams/readable:561:12)
      at readableAddChunkPushByteMode (node:internal/streams/readable:512:3)
      at Readable.push (node:internal/streams/readable:392:5)
      at Pipe.onStreamRead (node:internal/stream_base_commons:191:23)














[1;1H[0J[2m3:17:51 PM[22m [36m[1m[vite][22m[39m [90m[2m(client)[22m[39m [32mpage reload [39m[2msrc/styles.css[22m
[2m3:17:52 PM[22m [31m[1m[vite][22m[39m [31m[2m(client)[22m[39m Pre-transform error: Transform failed with 1 error:
/home/me/Developer/ghost-shell/packages/apps/react-demo/src/main.ts:12:9: ERROR: Expected ">" but found "/"
  Plugin: [35mvite:esbuild[39m
  File: [36m/home/me/Developer/ghost-shell/packages/apps/react-demo/src/main.ts[39m:12:9
[33m  
  [33mExpected ">" but found "/"[33m
  10 |  root.render(
  11 |    <React.StrictMode>
  12 |      <App />
     |           ^
  13 |    </React.StrictMode>
  14 |  );
  [39m














[1;1H[0J[2m3:17:52 PM[22m [31m[1m[vite][22m[39m [31mInternal server error: [postcss] Cannot find config file `panda.config.{ts,js,mjs,mts}`. Did you forget to run `panda init`?[39m
  Plugin: [35mvite:css[39m
  File: [36m/home/me/Developer/ghost-shell/packages/apps/react-demo/src/styles.css?direct[39m:undefined:NaN
      at findConfig (/home/me/Developer/ghost-shell/node_modules/@pandacss/config/dist/index.js:75:11)
      at Builder.setup (/home/me/Developer/ghost-shell/node_modules/@pandacss/node/dist/index.js:2379:76)
      at postcssProcess (/home/me/Developer/ghost-shell/node_modules/@pandacss/postcss/dist/index.js:59:19)
      at /home/me/Developer/ghost-shell/node_modules/@pandacss/postcss/dist/index.js:83:23
      at async LazyResult.runAsync (/home/me/Developer/ghost-shell/node_modules/postcss/lib/lazy-result.js:293:11)
      at async runPostCSS (file:///home/me/Developer/ghost-shell/node_modules/vite/dist/node/chunks/dep-BHkUv4Z8.js:32399:19)
      at async compilePostCSS (file:///home/me/Developer/ghost-shell/node_modules/vite/dist/node/chunks/dep-BHkUv4Z8.js:32379:17)
      at async compileCSS (file:///home/me/Developer/ghost-shell/node_modules/vite/dist/node/chunks/dep-BHkUv4Z8.js:32310:26)
      at async TransformPluginContext.handler (file:///home/me/Developer/ghost-shell/node_modules/vite/dist/node/chunks/dep-BHkUv4Z8.js:31846:53)
      at async EnvironmentPluginContainer.transform (file:///home/me/Developer/ghost-shell/node_modules/vite/dist/node/chunks/dep-BHkUv4Z8.js:31274:14)














[1;1H[0J[2m3:17:52 PM[22m [31m[1m[vite][22m[39m [31mInternal server error: Transform failed with 1 error:
/home/me/Developer/ghost-shell/packages/apps/react-demo/src/main.ts:12:9: ERROR: Expected ">" but found "/"[39m
  Plugin: [35mvite:esbuild[39m
  File: [36m/home/me/Developer/ghost-shell/packages/apps/react-demo/src/main.ts[39m:12:9
[33m  
  [33mExpected ">" but found "/"[33m
  10 |  root.render(
  11 |    <React.StrictMode>
  12 |      <App />
     |           ^
  13 |    </React.StrictMode>
  14 |  );
  [39m
      at failureErrorWithLog (/home/me/Developer/ghost-shell/node_modules/esbuild/lib/main.js:1467:15)
      at /home/me/Developer/ghost-shell/node_modules/esbuild/lib/main.js:736:50
      at responseCallbacks.<computed> (/home/me/Developer/ghost-shell/node_modules/esbuild/lib/main.js:603:9)
      at handleIncomingPacket (/home/me/Developer/ghost-shell/node_modules/esbuild/lib/main.js:658:12)
      at Socket.readFromStdout (/home/me/Developer/ghost-shell/node_modules/esbuild/lib/main.js:581:7)
      at Socket.emit (node:events:524:28)
      at addChunk (node:internal/streams/readable:561:12)
      at readableAddChunkPushByteMode (node:internal/streams/readable:512:3)
      at Readable.push (node:internal/streams/readable:392:5)
      at Pipe.onStreamRead (node:internal/stream_base_commons:191:23)
[2m3:17:56 PM[22m [31m[1m[vite][22m[39m [31m[2m(client)[22m[39m Pre-transform error: Transform failed with 1 error:
/home/me/Developer/ghost-shell/packages/apps/react-demo/src/main.ts:12:9: ERROR: Expected ">" but found "/"
  Plugin: [35mvite:esbuild[39m
  File: [36m/home/me/Developer/ghost-shell/packages/apps/react-demo/src/main.ts[39m:12:9
[33m  
  [33mExpected ">" but found "/"[33m
  10 |  root.render(
  11 |    <React.StrictMode>
  12 |      <App />
     |           ^
  13 |    </React.StrictMode>
  14 |  );
  [39m














[1;1H[0J[2m3:17:56 PM[22m [31m[1m[vite][22m[39m [31mInternal server error: [postcss] Cannot find config file `panda.config.{ts,js,mjs,mts}`. Did you forget to run `panda init`?[39m
  Plugin: [35mvite:css[39m
  File: [36m/home/me/Developer/ghost-shell/packages/apps/react-demo/src/styles.css?direct[39m:undefined:NaN
      at findConfig (/home/me/Developer/ghost-shell/node_modules/@pandacss/config/dist/index.js:75:11)
      at Builder.setup (/home/me/Developer/ghost-shell/node_modules/@pandacss/node/dist/index.js:2379:76)
      at postcssProcess (/home/me/Developer/ghost-shell/node_modules/@pandacss/postcss/dist/index.js:59:19)
      at /home/me/Developer/ghost-shell/node_modules/@pandacss/postcss/dist/index.js:83:23
      at async LazyResult.runAsync (/home/me/Developer/ghost-shell/node_modules/postcss/lib/lazy-result.js:293:11)
      at async runPostCSS (file:///home/me/Developer/ghost-shell/node_modules/vite/dist/node/chunks/dep-BHkUv4Z8.js:32399:19)
      at async compilePostCSS (file:///home/me/Developer/ghost-shell/node_modules/vite/dist/node/chunks/dep-BHkUv4Z8.js:32379:17)
      at async compileCSS (file:///home/me/Developer/ghost-shell/node_modules/vite/dist/node/chunks/dep-BHkUv4Z8.js:32310:26)
      at async TransformPluginContext.handler (file:///home/me/Developer/ghost-shell/node_modules/vite/dist/node/chunks/dep-BHkUv4Z8.js:31846:53)
      at async EnvironmentPluginContainer.transform (file:///home/me/Developer/ghost-shell/node_modules/vite/dist/node/chunks/dep-BHkUv4Z8.js:31274:14)














[1;1H[0J[2m3:17:56 PM[22m [31m[1m[vite][22m[39m [31mInternal server error: Transform failed with 1 error:
/home/me/Developer/ghost-shell/packages/apps/react-demo/src/main.ts:12:9: ERROR: Expected ">" but found "/"[39m
  Plugin: [35mvite:esbuild[39m
  File: [36m/home/me/Developer/ghost-shell/packages/apps/react-demo/src/main.ts[39m:12:9
[33m  
  [33mExpected ">" but found "/"[33m
  10 |  root.render(
  11 |    <React.StrictMode>
  12 |      <App />
     |           ^
  13 |    </React.StrictMode>
  14 |  );
  [39m
      at failureErrorWithLog (/home/me/Developer/ghost-shell/node_modules/esbuild/lib/main.js:1467:15)
      at /home/me/Developer/ghost-shell/node_modules/esbuild/lib/main.js:736:50
      at responseCallbacks.<computed> (/home/me/Developer/ghost-shell/node_modules/esbuild/lib/main.js:603:9)
      at handleIncomingPacket (/home/me/Developer/ghost-shell/node_modules/esbuild/lib/main.js:658:12)
      at Socket.readFromStdout (/home/me/Developer/ghost-shell/node_modules/esbuild/lib/main.js:581:7)
      at Socket.emit (node:events:524:28)
      at addChunk (node:internal/streams/readable:561:12)
      at readableAddChunkPushByteMode (node:internal/streams/readable:512:3)
      at Readable.push (node:internal/streams/readable:392:5)
      at Pipe.onStreamRead (node:internal/stream_base_commons:191:23)














[1;1H[0J[2m3:18:01 PM[22m [36m[1m[vite][22m[39m [90m[2m(client)[22m[39m [32mpage reload [39m[2msrc/main.ts[22m
[2m3:18:01 PM[22m [31m[1m[vite][22m[39m [31m[2m(client)[22m[39m Pre-transform error: Failed to load url /src/main.ts (resolved id: /home/me/Developer/ghost-shell/packages/apps/react-demo/src/main.ts). Does the file exist?














[1;1H[0J[2m3:18:01 PM[22m [31m[1m[vite][22m[39m [31mInternal server error: [postcss] Cannot find config file `panda.config.{ts,js,mjs,mts}`. Did you forget to run `panda init`?[39m
  Plugin: [35mvite:css[39m
  File: [36m/home/me/Developer/ghost-shell/packages/apps/react-demo/src/styles.css?direct[39m:undefined:NaN
      at findConfig (/home/me/Developer/ghost-shell/node_modules/@pandacss/config/dist/index.js:75:11)
      at Builder.setup (/home/me/Developer/ghost-shell/node_modules/@pandacss/node/dist/index.js:2379:76)
      at postcssProcess (/home/me/Developer/ghost-shell/node_modules/@pandacss/postcss/dist/index.js:59:19)
      at /home/me/Developer/ghost-shell/node_modules/@pandacss/postcss/dist/index.js:83:23
      at async LazyResult.runAsync (/home/me/Developer/ghost-shell/node_modules/postcss/lib/lazy-result.js:293:11)
      at async runPostCSS (file:///home/me/Developer/ghost-shell/node_modules/vite/dist/node/chunks/dep-BHkUv4Z8.js:32399:19)
      at async compilePostCSS (file:///home/me/Developer/ghost-shell/node_modules/vite/dist/node/chunks/dep-BHkUv4Z8.js:32379:17)
      at async compileCSS (file:///home/me/Developer/ghost-shell/node_modules/vite/dist/node/chunks/dep-BHkUv4Z8.js:32310:26)
      at async TransformPluginContext.handler (file:///home/me/Developer/ghost-shell/node_modules/vite/dist/node/chunks/dep-BHkUv4Z8.js:31846:53)
      at async EnvironmentPluginContainer.transform (file:///home/me/Developer/ghost-shell/node_modules/vite/dist/node/chunks/dep-BHkUv4Z8.js:31274:14)














[1;1H[0J[2m3:18:06 PM[22m [36m[1m[vite][22m[39m [90m[2m(client)[22m[39m [32mpage reload [39m[2mindex.html[22m
[2m3:18:06 PM[22m [31m[1m[vite][22m[39m [31m[2m(client)[22m[39m Pre-transform error: Failed to resolve import "react/jsx-dev-runtime" from "src/main.tsx". Does the file exist?
  Plugin: [35mvite:import-analysis[39m
  File: [36m/home/me/Developer/ghost-shell/packages/apps/react-demo/src/main.tsx[39m:12:4
[33m  1  |  import { jsxDEV } from "react/jsx-dev-runtime";
     |                          ^
  2  |  import React from "react";
  3  |  import ReactDOM from "react-dom/client";[39m
[2m3:18:06 PM[22m [31m[1m[vite][22m[39m [31m[2m(client)[22m[39m Pre-transform error: [postcss] Cannot find config file `panda.config.{ts,js,mjs,mts}`. Did you forget to run `panda init`?
  Plugin: [35mvite:css[39m
  File: [36m/home/me/Developer/ghost-shell/packages/apps/react-demo/src/styles.css[39m:undefined:NaN














[1;1H[0J[2m3:18:06 PM[22m [31m[1m[vite][22m[39m [31mInternal server error: [postcss] Cannot find config file `panda.config.{ts,js,mjs,mts}`. Did you forget to run `panda init`?[39m
  Plugin: [35mvite:css[39m
  File: [36m/home/me/Developer/ghost-shell/packages/apps/react-demo/src/styles.css?direct[39m:undefined:NaN
      at findConfig (/home/me/Developer/ghost-shell/node_modules/@pandacss/config/dist/index.js:75:11)
      at Builder.setup (/home/me/Developer/ghost-shell/node_modules/@pandacss/node/dist/index.js:2379:76)
      at postcssProcess (/home/me/Developer/ghost-shell/node_modules/@pandacss/postcss/dist/index.js:59:19)
      at /home/me/Developer/ghost-shell/node_modules/@pandacss/postcss/dist/index.js:83:23
      at async LazyResult.runAsync (/home/me/Developer/ghost-shell/node_modules/postcss/lib/lazy-result.js:293:11)
      at async runPostCSS (file:///home/me/Developer/ghost-shell/node_modules/vite/dist/node/chunks/dep-BHkUv4Z8.js:32399:19)
      at async compilePostCSS (file:///home/me/Developer/ghost-shell/node_modules/vite/dist/node/chunks/dep-BHkUv4Z8.js:32379:17)
      at async compileCSS (file:///home/me/Developer/ghost-shell/node_modules/vite/dist/node/chunks/dep-BHkUv4Z8.js:32310:26)
      at async TransformPluginContext.handler (file:///home/me/Developer/ghost-shell/node_modules/vite/dist/node/chunks/dep-BHkUv4Z8.js:31846:53)
      at async EnvironmentPluginContainer.transform (file:///home/me/Developer/ghost-shell/node_modules/vite/dist/node/chunks/dep-BHkUv4Z8.js:31274:14)














[1;1H[0J[2m3:18:06 PM[22m [31m[1m[vite][22m[39m [31mInternal server error: Failed to resolve import "react/jsx-dev-runtime" from "src/main.tsx". Does the file exist?[39m
  Plugin: [35mvite:import-analysis[39m
  File: [36m/home/me/Developer/ghost-shell/packages/apps/react-demo/src/main.tsx[39m:12:4
[33m  1  |  import { jsxDEV } from "react/jsx-dev-runtime";
     |                          ^
  2  |  import React from "react";
  3  |  import ReactDOM from "react-dom/client";[39m
      at TransformPluginContext._formatLog (file:///home/me/Developer/ghost-shell/node_modules/vite/dist/node/chunks/dep-BHkUv4Z8.js:31460:43)
      at TransformPluginContext.error (file:///home/me/Developer/ghost-shell/node_modules/vite/dist/node/chunks/dep-BHkUv4Z8.js:31457:14)
      at normalizeUrl (file:///home/me/Developer/ghost-shell/node_modules/vite/dist/node/chunks/dep-BHkUv4Z8.js:29999:18)
      at process.processTicksAndRejections (node:internal/process/task_queues:95:5)
      at async file:///home/me/Developer/ghost-shell/node_modules/vite/dist/node/chunks/dep-BHkUv4Z8.js:30057:32
      at async Promise.all (index 0)
      at async TransformPluginContext.transform (file:///home/me/Developer/ghost-shell/node_modules/vite/dist/node/chunks/dep-BHkUv4Z8.js:30025:4)
      at async EnvironmentPluginContainer.transform (file:///home/me/Developer/ghost-shell/node_modules/vite/dist/node/chunks/dep-BHkUv4Z8.js:31274:14)
      at async loadAndTransform (file:///home/me/Developer/ghost-shell/node_modules/vite/dist/node/chunks/dep-BHkUv4Z8.js:26451:26)
      at async viteTransformMiddleware (file:///home/me/Developer/ghost-shell/node_modules/vite/dist/node/chunks/dep-BHkUv4Z8.js:27536:20)
[2m3:18:06 PM[22m [31m[1m[vite][22m[39m [31m[2m(client)[22m[39m Pre-transform error: Failed to resolve import "react/jsx-dev-runtime" from "src/app/App.tsx". Does the file exist?
  Plugin: [35mvite:import-analysis[39m
  File: [36m/home/me/Developer/ghost-shell/packages/apps/react-demo/src/app/App.tsx[39m:69:12
[33m  1  |  import { jsxDEV } from "react/jsx-dev-runtime";
     |                          ^
  2  |  import { useEffect, useState, useRef } from "react";
  3  |  import { LayoutManager } from "@ghost-shell/core";[39m














[1;1H[0J[2m3:18:06 PM[22m [31m[1m[vite][22m[39m [31m[2m(client)[22m[39m Pre-transform error: Failed to resolve import "react/jsx-dev-runtime" from "src/app/App.tsx". Does the file exist?
  Plugin: [35mvite:import-analysis[39m
  File: [36m/home/me/Developer/ghost-shell/packages/apps/react-demo/src/app/App.tsx[39m:69:12
[33m  1  |  import { jsxDEV } from "react/jsx-dev-runtime";
     |                          ^
  2  |  import { useEffect, useState, useRef } from "react";
  3  |  import { LayoutManager } from "@ghost-shell/core";[39m [33m(x2)[39m
[2m3:18:06 PM[22m [31m[1m[vite][22m[39m [31m[2m(client)[22m[39m Pre-transform error: [postcss] Cannot find config file `panda.config.{ts,js,mjs,mts}`. Did you forget to run `panda init`?
  Plugin: [35mvite:css[39m
  File: [36m/home/me/Developer/ghost-shell/packages/apps/react-demo/src/styles.css[39m:undefined:NaN
[2m3:18:06 PM[22m [31m[1m[vite][22m[39m [31m[2m(client)[22m[39m Pre-transform error: [postcss] Cannot find config file `panda.config.{ts,js,mjs,mts}`. Did you forget to run `panda init`?
  Plugin: [35mvite:css[39m
  File: [36m/home/me/Developer/ghost-shell/packages/apps/react-demo/src/app/App.css[39m:undefined:NaN
[2m3:18:06 PM[22m [36m[1m[vite][22m[39m [90m[2m(client)[22m[39m [32mâœ¨ new dependencies optimized: [33mxstate[32m[39m
[2m3:18:27 PM[22m [31m[1m[vite][22m[39m [31m[2m(client)[22m[39m Pre-transform error: Failed to resolve import "react/jsx-dev-runtime" from "src/main.tsx". Does the file exist?
  Plugin: [35mvite:import-analysis[39m
  File: [36m/home/me/Developer/ghost-shell/packages/apps/react-demo/src/main.tsx[39m:12:4
[33m  1  |  import { jsxDEV } from "react/jsx-dev-runtime";
     |                          ^
  2  |  import React from "react";
  3  |  import ReactDOM from "react-dom/client";[39m
[2m3:18:27 PM[22m [31m[1m[vite][22m[39m [31m[2m(client)[22m[39m Pre-transform error: [postcss] Cannot find config file `panda.config.{ts,js,mjs,mts}`. Did you forget to run `panda init`?
  Plugin: [35mvite:css[39m
  File: [36m/home/me/Developer/ghost-shell/packages/apps/react-demo/src/styles.css[39m:undefined:NaN
[2m3:18:27 PM[22m [31m[1m[vite][22m[39m [31m[2m(client)[22m[39m Pre-transform error: Failed to resolve import "react/jsx-dev-runtime" from "src/app/App.tsx". Does the file exist?
  Plugin: [35mvite:import-analysis[39m
  File: [36m/home/me/Developer/ghost-shell/packages/apps/react-demo/src/app/App.tsx[39m:69:12
[33m  1  |  import { jsxDEV } from "react/jsx-dev-runtime";
     |                          ^
  2  |  import { useEffect, useState, useRef } from "react";
  3  |  import { LayoutManager } from "@ghost-shell/core";[39m
[2m3:18:27 PM[22m [31m[1m[vite][22m[39m [31m[2m(client)[22m[39m Pre-transform error: [postcss] Cannot find config file `panda.config.{ts,js,mjs,mts}`. Did you forget to run `panda init`?
  Plugin: [35mvite:css[39m
  File: [36m/home/me/Developer/ghost-shell/packages/apps/react-demo/src/app/App.css[39m:undefined:NaN














[1;1H[0J[2m3:18:27 PM[22m [31m[1m[vite][22m[39m [31mInternal server error: [postcss] Cannot find config file `panda.config.{ts,js,mjs,mts}`. Did you forget to run `panda init`?[39m
  Plugin: [35mvite:css[39m
  File: [36m/home/me/Developer/ghost-shell/packages/apps/react-demo/src/styles.css?direct[39m:undefined:NaN
      at findConfig (/home/me/Developer/ghost-shell/node_modules/@pandacss/config/dist/index.js:75:11)
      at Builder.setup (/home/me/Developer/ghost-shell/node_modules/@pandacss/node/dist/index.js:2379:76)
      at postcssProcess (/home/me/Developer/ghost-shell/node_modules/@pandacss/postcss/dist/index.js:59:19)
      at /home/me/Developer/ghost-shell/node_modules/@pandacss/postcss/dist/index.js:83:23
      at async LazyResult.runAsync (/home/me/Developer/ghost-shell/node_modules/postcss/lib/lazy-result.js:293:11)
      at async runPostCSS (file:///home/me/Developer/ghost-shell/node_modules/vite/dist/node/chunks/dep-BHkUv4Z8.js:32399:19)
      at async compilePostCSS (file:///home/me/Developer/ghost-shell/node_modules/vite/dist/node/chunks/dep-BHkUv4Z8.js:32379:17)
      at async compileCSS (file:///home/me/Developer/ghost-shell/node_modules/vite/dist/node/chunks/dep-BHkUv4Z8.js:32310:26)
      at async TransformPluginContext.handler (file:///home/me/Developer/ghost-shell/node_modules/vite/dist/node/chunks/dep-BHkUv4Z8.js:31846:53)
      at async EnvironmentPluginContainer.transform (file:///home/me/Developer/ghost-shell/node_modules/vite/dist/node/chunks/dep-BHkUv4Z8.js:31274:14)














[1;1H[0J[2m3:18:27 PM[22m [31m[1m[vite][22m[39m [31mInternal server error: Failed to resolve import "react/jsx-dev-runtime" from "src/main.tsx". Does the file exist?[39m
  Plugin: [35mvite:import-analysis[39m
  File: [36m/home/me/Developer/ghost-shell/packages/apps/react-demo/src/main.tsx[39m:12:4
[33m  1  |  import { jsxDEV } from "react/jsx-dev-runtime";
     |                          ^
  2  |  import React from "react";
  3  |  import ReactDOM from "react-dom/client";[39m
      at TransformPluginContext._formatLog (file:///home/me/Developer/ghost-shell/node_modules/vite/dist/node/chunks/dep-BHkUv4Z8.js:31460:43)
      at TransformPluginContext.error (file:///home/me/Developer/ghost-shell/node_modules/vite/dist/node/chunks/dep-BHkUv4Z8.js:31457:14)
      at normalizeUrl (file:///home/me/Developer/ghost-shell/node_modules/vite/dist/node/chunks/dep-BHkUv4Z8.js:29999:18)
      at process.processTicksAndRejections (node:internal/process/task_queues:95:5)
      at async file:///home/me/Developer/ghost-shell/node_modules/vite/dist/node/chunks/dep-BHkUv4Z8.js:30057:32
      at async Promise.all (index 0)
      at async TransformPluginContext.transform (file:///home/me/Developer/ghost-shell/node_modules/vite/dist/node/chunks/dep-BHkUv4Z8.js:30025:4)
      at async EnvironmentPluginContainer.transform (file:///home/me/Developer/ghost-shell/node_modules/vite/dist/node/chunks/dep-BHkUv4Z8.js:31274:14)
      at async loadAndTransform (file:///home/me/Developer/ghost-shell/node_modules/vite/dist/node/chunks/dep-BHkUv4Z8.js:26451:26)
      at async viteTransformMiddleware (file:///home/me/Developer/ghost-shell/node_modules/vite/dist/node/chunks/dep-BHkUv4Z8.js:27536:20)
[2m3:18:27 PM[22m [31m[1m[vite][22m[39m [31m[2m(client)[22m[39m Pre-transform error: [postcss] Cannot find config file `panda.config.{ts,js,mjs,mts}`. Did you forget to run `panda init`?
  Plugin: [35mvite:css[39m
  File: [36m/home/me/Developer/ghost-shell/packages/apps/react-demo/src/styles.css[39m:undefined:NaN
[2m3:18:27 PM[22m [31m[1m[vite][22m[39m [31m[2m(client)[22m[39m Pre-transform error: Failed to resolve import "react/jsx-dev-runtime" from "src/app/App.tsx". Does the file exist?
  Plugin: [35mvite:import-analysis[39m
  File: [36m/home/me/Developer/ghost-shell/packages/apps/react-demo/src/app/App.tsx[39m:69:12
[33m  1  |  import { jsxDEV } from "react/jsx-dev-runtime";
     |                          ^
  2  |  import { useEffect, useState, useRef } from "react";
  3  |  import { LayoutManager } from "@ghost-shell/core";[39m
[2m3:18:27 PM[22m [31m[1m[vite][22m[39m [31m[2m(client)[22m[39m Pre-transform error: [postcss] Cannot find config file `panda.config.{ts,js,mjs,mts}`. Did you forget to run `panda init`?
  Plugin: [35mvite:css[39m
  File: [36m/home/me/Developer/ghost-shell/packages/apps/react-demo/src/app/App.css[39m:undefined:NaN














[1;1H[0J[2m3:18:47 PM[22m [36m[1m[vite][22m[39m [90m[2m(client)[22m[39m [32mpage reload [39m[2mvite.config.ts.tmp.80751.1753625927018[22m














[1;1H[0J[2m3:18:47 PM[22m [36m[1m[vite][22m[39m [32mvite.config.ts changed, restarting server...[39m
[2m3:18:47 PM[22m [36m[1m[vite][22m[39m server restarted.
[2m3:18:47 PM[22m [31m[1m[vite][22m[39m [31m[2m(client)[22m[39m Pre-transform error: Failed to resolve import "react/jsx-dev-runtime" from "src/main.tsx". Does the file exist?
  Plugin: [35mvite:import-analysis[39m
  File: [36m/home/me/Developer/ghost-shell/packages/apps/react-demo/src/main.tsx[39m:12:4
[33m  1  |  import { jsxDEV } from "react/jsx-dev-runtime";
     |                          ^
  2  |  import React from "react";
  3  |  import ReactDOM from "react-dom/client";[39m
[2m3:18:47 PM[22m [31m[1m[vite][22m[39m [31m[2m(client)[22m[39m Pre-transform error: Failed to resolve import "react/jsx-dev-runtime" from "src/app/App.tsx". Does the file exist?
  Plugin: [35mvite:import-analysis[39m
  File: [36m/home/me/Developer/ghost-shell/packages/apps/react-demo/src/app/App.tsx[39m:69:12
[33m  1  |  import { jsxDEV } from "react/jsx-dev-runtime";
     |                          ^
  2  |  import { useEffect, useState, useRef } from "react";
  3  |  import { LayoutManager } from "@ghost-shell/core";[39m














[1;1H[0J[2m3:18:47 PM[22m [31m[1m[vite][22m[39m [31mInternal server error: Failed to resolve import "react/jsx-dev-runtime" from "src/main.tsx". Does the file exist?[39m
  Plugin: [35mvite:import-analysis[39m
  File: [36m/home/me/Developer/ghost-shell/packages/apps/react-demo/src/main.tsx[39m:12:4
[33m  1  |  import { jsxDEV } from "react/jsx-dev-runtime";
     |                          ^
  2  |  import React from "react";
  3  |  import ReactDOM from "react-dom/client";[39m
      at TransformPluginContext._formatLog (file:///home/me/Developer/ghost-shell/node_modules/vite/dist/node/chunks/dep-BHkUv4Z8.js:31460:43)
      at TransformPluginContext.error (file:///home/me/Developer/ghost-shell/node_modules/vite/dist/node/chunks/dep-BHkUv4Z8.js:31457:14)
      at normalizeUrl (file:///home/me/Developer/ghost-shell/node_modules/vite/dist/node/chunks/dep-BHkUv4Z8.js:29999:18)
      at process.processTicksAndRejections (node:internal/process/task_queues:95:5)
      at async file:///home/me/Developer/ghost-shell/node_modules/vite/dist/node/chunks/dep-BHkUv4Z8.js:30057:32
      at async Promise.all (index 0)
      at async TransformPluginContext.transform (file:///home/me/Developer/ghost-shell/node_modules/vite/dist/node/chunks/dep-BHkUv4Z8.js:30025:4)
      at async EnvironmentPluginContainer.transform (file:///home/me/Developer/ghost-shell/node_modules/vite/dist/node/chunks/dep-BHkUv4Z8.js:31274:14)
      at async loadAndTransform (file:///home/me/Developer/ghost-shell/node_modules/vite/dist/node/chunks/dep-BHkUv4Z8.js:26451:26)
      at async viteTransformMiddleware (file:///home/me/Developer/ghost-shell/node_modules/vite/dist/node/chunks/dep-BHkUv4Z8.js:27536:20)
[2m3:18:47 PM[22m [31m[1m[vite][22m[39m [31m[2m(client)[22m[39m Pre-transform error: Failed to resolve import "react/jsx-dev-runtime" from "src/app/App.tsx". Does the file exist?
  Plugin: [35mvite:import-analysis[39m
  File: [36m/home/me/Developer/ghost-shell/packages/apps/react-demo/src/app/App.tsx[39m:69:12
[33m  1  |  import { jsxDEV } from "react/jsx-dev-runtime";
     |                          ^
  2  |  import { useEffect, useState, useRef } from "react";
  3  |  import { LayoutManager } from "@ghost-shell/core";[39m














[1;1H[0J[2m3:18:51 PM[22m [36m[1m[vite][22m[39m [90m[2m(client)[22m[39m [32mpage reload [39m[2mvite.config.ts.tmp.80751.1753625931770[22m














[1;1H[0J[2m3:18:51 PM[22m [36m[1m[vite][22m[39m [32mvite.config.ts changed, restarting server...[39m
[31mfailed to load config from /home/me/Developer/ghost-shell/packages/apps/react-demo/vite.config.ts[39m
[2m3:18:51 PM[22m [31m[1m[vite][22m[39m Cannot find module '@vitejs/plugin-react'
Require stack:
- /home/me/Developer/ghost-shell/packages/apps/react-demo/vite.config.ts
- /home/me/Developer/ghost-shell/node_modules/vite/dist/node/chunks/dep-BHkUv4Z8.js
[2m3:18:51 PM[22m [31m[1m[vite][22m[39m server restart failed
[2m3:18:51 PM[22m [31m[1m[vite][22m[39m [31m[2m(client)[22m[39m Pre-transform error: Failed to resolve import "react/jsx-dev-runtime" from "src/main.tsx". Does the file exist?
  Plugin: [35mvite:import-analysis[39m
  File: [36m/home/me/Developer/ghost-shell/packages/apps/react-demo/src/main.tsx[39m:12:4
[33m  1  |  import { jsxDEV } from "react/jsx-dev-runtime";
     |                          ^
  2  |  import React from "react";
  3  |  import ReactDOM from "react-dom/client";[39m
[2m3:18:51 PM[22m [31m[1m[vite][22m[39m [31m[2m(client)[22m[39m Pre-transform error: Failed to resolve import "react/jsx-dev-runtime" from "src/app/App.tsx". Does the file exist?
  Plugin: [35mvite:import-analysis[39m
  File: [36m/home/me/Developer/ghost-shell/packages/apps/react-demo/src/app/App.tsx[39m:69:12
[33m  1  |  import { jsxDEV } from "react/jsx-dev-runtime";
     |                          ^
  2  |  import { useEffect, useState, useRef } from "react";
  3  |  import { LayoutManager } from "@ghost-shell/core";[39m














[1;1H[0J[2m3:18:51 PM[22m [31m[1m[vite][22m[39m [31mInternal server error: Failed to resolve import "react/jsx-dev-runtime" from "src/main.tsx". Does the file exist?[39m
  Plugin: [35mvite:import-analysis[39m
  File: [36m/home/me/Developer/ghost-shell/packages/apps/react-demo/src/main.tsx[39m:12:4
[33m  1  |  import { jsxDEV } from "react/jsx-dev-runtime";
     |                          ^
  2  |  import React from "react";
  3  |  import ReactDOM from "react-dom/client";[39m
      at TransformPluginContext._formatLog (file:///home/me/Developer/ghost-shell/node_modules/vite/dist/node/chunks/dep-BHkUv4Z8.js:31460:43)
      at TransformPluginContext.error (file:///home/me/Developer/ghost-shell/node_modules/vite/dist/node/chunks/dep-BHkUv4Z8.js:31457:14)
      at normalizeUrl (file:///home/me/Developer/ghost-shell/node_modules/vite/dist/node/chunks/dep-BHkUv4Z8.js:29999:18)
      at process.processTicksAndRejections (node:internal/process/task_queues:95:5)
      at async file:///home/me/Developer/ghost-shell/node_modules/vite/dist/node/chunks/dep-BHkUv4Z8.js:30057:32
      at async Promise.all (index 0)
      at async TransformPluginContext.transform (file:///home/me/Developer/ghost-shell/node_modules/vite/dist/node/chunks/dep-BHkUv4Z8.js:30025:4)
      at async EnvironmentPluginContainer.transform (file:///home/me/Developer/ghost-shell/node_modules/vite/dist/node/chunks/dep-BHkUv4Z8.js:31274:14)
      at async loadAndTransform (file:///home/me/Developer/ghost-shell/node_modules/vite/dist/node/chunks/dep-BHkUv4Z8.js:26451:26)
      at async viteTransformMiddleware (file:///home/me/Developer/ghost-shell/node_modules/vite/dist/node/chunks/dep-BHkUv4Z8.js:27536:20)
[2m3:18:51 PM[22m [31m[1m[vite][22m[39m [31m[2m(client)[22m[39m Pre-transform error: Failed to resolve import "react/jsx-dev-runtime" from "src/app/App.tsx". Does the file exist?
  Plugin: [35mvite:import-analysis[39m
  File: [36m/home/me/Developer/ghost-shell/packages/apps/react-demo/src/app/App.tsx[39m:69:12
[33m  1  |  import { jsxDEV } from "react/jsx-dev-runtime";
     |                          ^
  2  |  import { useEffect, useState, useRef } from "react";
  3  |  import { LayoutManager } from "@ghost-shell/core";[39m
[1m[31mWatch error: Daemon closed the connection[39m[22m
